# JRE version: 7.0_09-b05
# Java VM: Java HotSpot(TM) 64-Bit Server VM (23.5-b02 mixed mode windows-amd64 compressed oops)
Heap
 PSYoungGen      total 80896K, used 38557K [0x00000000f00b0000, 0x00000000f7b20000, 0x0000000100000000)
  eden space 45184K, 23% used [0x00000000f00b0000,0x00000000f0b02a08,0x00000000f2cd0000)
  from space 35712K, 78% used [0x00000000f5210000,0x00000000f6d64a40,0x00000000f74f0000)
  to   space 38144K, 0% used [0x00000000f2cd0000,0x00000000f2cd0000,0x00000000f5210000)
 ParOldGen       total 89792K, used 44357K [0x00000000d0200000, 0x00000000d59b0000, 0x00000000f00b0000)
  object space 89792K, 49% used [0x00000000d0200000,0x00000000d2d515c0,0x00000000d59b0000)
 PSPermGen       total 21248K, used 9552K [0x00000000cb000000, 0x00000000cc4c0000, 0x00000000d0200000)
  object space 21248K, 44% used [0x00000000cb000000,0x00000000cb9542e8,0x00000000cc4c0000)
GC Heap History (10 events):
Event: 11.579 GC heap before
{Heap before GC invocations=6 (full 1):
 PSYoungGen      total 26048K, used 26048K [0x00000000f00b0000, 0x00000000f1cb0000, 0x0000000100000000)
  eden space 24064K, 100% used [0x00000000f00b0000,0x00000000f1830000,0x00000000f1830000)
  from space 1984K, 100% used [0x00000000f1ac0000,0x00000000f1cb0000,0x00000000f1cb0000)
  to   space 1984K, 0% used [0x00000000f18d0000,0x00000000f18d0000,0x00000000f1ac0000)
 ParOldGen       total 51008K, used 31323K [0x00000000d0200000, 0x00000000d33d0000, 0x00000000f00b0000)
  object space 51008K, 61% used [0x00000000d0200000,0x00000000d2096cd0,0x00000000d33d0000)
 PSPermGen       total 21248K, used 8127K [0x00000000cb000000, 0x00000000cc4c0000, 0x00000000d0200000)
  object space 21248K, 38% used [0x00000000cb000000,0x00000000cb7efea8,0x00000000cc4c0000)
Event: 11.659 GC heap after
Heap after GC invocations=6 (full 1):
 PSYoungGen      total 26688K, used 1984K [0x00000000f00b0000, 0x00000000f6450000, 0x0000000100000000)
  eden space 24704K, 0% used [0x00000000f00b0000,0x00000000f00b0000,0x00000000f18d0000)
  from space 1984K, 100% used [0x00000000f18d0000,0x00000000f1ac0000,0x00000000f1ac0000)
  to   space 27456K, 0% used [0x00000000f4980000,0x00000000f4980000,0x00000000f6450000)
 ParOldGen       total 55232K, used 55163K [0x00000000d0200000, 0x00000000d37f0000, 0x00000000f00b0000)
  object space 55232K, 99% used [0x00000000d0200000,0x00000000d37decd0,0x00000000d37f0000)
 PSPermGen       total 21248K, used 8127K [0x00000000cb000000, 0x00000000cc4c0000, 0x00000000d0200000)
  object space 21248K, 38% used [0x00000000cb000000,0x00000000cb7efea8,0x00000000cc4c0000)
}
Event: 11.659 GC heap before
{Heap before GC invocations=7 (full 2):
 PSYoungGen      total 26688K, used 1984K [0x00000000f00b0000, 0x00000000f6450000, 0x0000000100000000)
  eden space 24704K, 0% used [0x00000000f00b0000,0x00000000f00b0000,0x00000000f18d0000)
  from space 1984K, 100% used [0x00000000f18d0000,0x00000000f1ac0000,0x00000000f1ac0000)
  to   space 27456K, 0% used [0x00000000f4980000,0x00000000f4980000,0x00000000f6450000)
 ParOldGen       total 55232K, used 55163K [0x00000000d0200000, 0x00000000d37f0000, 0x00000000f00b0000)
  object space 55232K, 99% used [0x00000000d0200000,0x00000000d37decd0,0x00000000d37f0000)
 PSPermGen       total 21248K, used 8127K [0x00000000cb000000, 0x00000000cc4c0000, 0x00000000d0200000)
  object space 21248K, 38% used [0x00000000cb000000,0x00000000cb7efea8,0x00000000cc4c0000)
Event: 12.243 GC heap after
Heap after GC invocations=7 (full 2):
 PSYoungGen      total 26688K, used 0K [0x00000000f00b0000, 0x00000000f6450000, 0x0000000100000000)
  eden space 24704K, 0% used [0x00000000f00b0000,0x00000000f00b0000,0x00000000f18d0000)
  from space 1984K, 0% used [0x00000000f18d0000,0x00000000f18d0000,0x00000000f1ac0000)
  to   space 27456K, 0% used [0x00000000f4980000,0x00000000f4980000,0x00000000f6450000)
 ParOldGen       total 89792K, used 44317K [0x00000000d0200000, 0x00000000d59b0000, 0x00000000f00b0000)
  object space 89792K, 49% used [0x00000000d0200000,0x00000000d2d475b0,0x00000000d59b0000)
 PSPermGen       total 21248K, used 8127K [0x00000000cb000000, 0x00000000cc4c0000, 0x00000000d0200000)
  object space 21248K, 38% used [0x00000000cb000000,0x00000000cb7efea8,0x00000000cc4c0000)
}
Event: 12.278 GC heap before
{Heap before GC invocations=8 (full 2):
 PSYoungGen      total 26688K, used 24704K [0x00000000f00b0000, 0x00000000f6450000, 0x0000000100000000)
  eden space 24704K, 100% used [0x00000000f00b0000,0x00000000f18d0000,0x00000000f18d0000)
  from space 1984K, 0% used [0x00000000f18d0000,0x00000000f18d0000,0x00000000f1ac0000)
  to   space 27456K, 0% used [0x00000000f4980000,0x00000000f4980000,0x00000000f6450000)
 ParOldGen       total 89792K, used 44317K [0x00000000d0200000, 0x00000000d59b0000, 0x00000000f00b0000)
  object space 89792K, 49% used [0x00000000d0200000,0x00000000d2d475b0,0x00000000d59b0000)
 PSPermGen       total 21248K, used 8127K [0x00000000cb000000, 0x00000000cc4c0000, 0x00000000d0200000)
  object space 21248K, 38% used [0x00000000cb000000,0x00000000cb7efea8,0x00000000cc4c0000)
Event: 12.341 GC heap after
Heap after GC invocations=8 (full 2):
 PSYoungGen      total 59712K, used 24832K [0x00000000f00b0000, 0x00000000f61c0000, 0x0000000100000000)
  eden space 34880K, 0% used [0x00000000f00b0000,0x00000000f00b0000,0x00000000f22c0000)
  from space 24832K, 100% used [0x00000000f4980000,0x00000000f61c0000,0x00000000f61c0000)
  to   space 31552K, 0% used [0x00000000f2420000,0x00000000f2420000,0x00000000f42f0000)
 ParOldGen       total 89792K, used 44317K [0x00000000d0200000, 0x00000000d59b0000, 0x00000000f00b0000)
  object space 89792K, 49% used [0x00000000d0200000,0x00000000d2d475b0,0x00000000d59b0000)
 PSPermGen       total 21248K, used 8127K [0x00000000cb000000, 0x00000000cc4c0000, 0x00000000d0200000)
  object space 21248K, 38% used [0x00000000cb000000,0x00000000cb7efea8,0x00000000cc4c0000)
}
Event: 13.261 GC heap before
{Heap before GC invocations=9 (full 2):
 PSYoungGen      total 59712K, used 59712K [0x00000000f00b0000, 0x00000000f61c0000, 0x0000000100000000)
  eden space 34880K, 100% used [0x00000000f00b0000,0x00000000f22c0000,0x00000000f22c0000)
  from space 24832K, 100% used [0x00000000f4980000,0x00000000f61c0000,0x00000000f61c0000)
  to   space 31552K, 0% used [0x00000000f2420000,0x00000000f2420000,0x00000000f42f0000)
 ParOldGen       total 89792K, used 44317K [0x00000000d0200000, 0x00000000d59b0000, 0x00000000f00b0000)
  object space 89792K, 49% used [0x00000000d0200000,0x00000000d2d475b0,0x00000000d59b0000)
 PSPermGen       total 21248K, used 9143K [0x00000000cb000000, 0x00000000cc4c0000, 0x00000000d0200000)
  object space 21248K, 43% used [0x00000000cb000000,0x00000000cb8ede08,0x00000000cc4c0000)
Event: 13.338 GC heap after
Heap after GC invocations=9 (full 2):
 PSYoungGen      total 67840K, used 28294K [0x00000000f00b0000, 0x00000000f74f0000, 0x0000000100000000)
  eden space 36288K, 0% used [0x00000000f00b0000,0x00000000f00b0000,0x00000000f2420000)
  from space 31552K, 89% used [0x00000000f2420000,0x00000000f3fc1928,0x00000000f42f0000)
  to   space 35712K, 0% used [0x00000000f5210000,0x00000000f5210000,0x00000000f74f0000)
 ParOldGen       total 89792K, used 44357K [0x00000000d0200000, 0x00000000d59b0000, 0x00000000f00b0000)
  object space 89792K, 49% used [0x00000000d0200000,0x00000000d2d515c0,0x00000000d59b0000)
 PSPermGen       total 21248K, used 9143K [0x00000000cb000000, 0x00000000cc4c0000, 0x00000000d0200000)
  object space 21248K, 43% used [0x00000000cb000000,0x00000000cb8ede08,0x00000000cc4c0000)
}
Event: 13.647 GC heap before
{Heap before GC invocations=10 (full 2):
 PSYoungGen      total 67840K, used 64582K [0x00000000f00b0000, 0x00000000f74f0000, 0x0000000100000000)
  eden space 36288K, 100% used [0x00000000f00b0000,0x00000000f2420000,0x00000000f2420000)
  from space 31552K, 89% used [0x00000000f2420000,0x00000000f3fc1928,0x00000000f42f0000)
  to   space 35712K, 0% used [0x00000000f5210000,0x00000000f5210000,0x00000000f74f0000)
 ParOldGen       total 89792K, used 44357K [0x00000000d0200000, 0x00000000d59b0000, 0x00000000f00b0000)
  object space 89792K, 49% used [0x00000000d0200000,0x00000000d2d515c0,0x00000000d59b0000)
 PSPermGen       total 21248K, used 9144K [0x00000000cb000000, 0x00000000cc4c0000, 0x00000000d0200000)
  object space 21248K, 43% used [0x00000000cb000000,0x00000000cb8ee3b0,0x00000000cc4c0000)
Event: 13.711 GC heap after
Heap after GC invocations=10 (full 2):
 PSYoungGen      total 80896K, used 27986K [0x00000000f00b0000, 0x00000000f7b20000, 0x0000000100000000)
  eden space 45184K, 0% used [0x00000000f00b0000,0x00000000f00b0000,0x00000000f2cd0000)
  from space 35712K, 78% used [0x00000000f5210000,0x00000000f6d64a40,0x00000000f74f0000)
  to   space 38144K, 0% used [0x00000000f2cd0000,0x00000000f2cd0000,0x00000000f5210000)
 ParOldGen       total 89792K, used 44357K [0x00000000d0200000, 0x00000000d59b0000, 0x00000000f00b0000)
  object space 89792K, 49% used [0x00000000d0200000,0x00000000d2d515c0,0x00000000d59b0000)
 PSPermGen       total 21248K, used 9144K [0x00000000cb000000, 0x00000000cc4c0000, 0x00000000d0200000)
  object space 21248K, 43% used [0x00000000cb000000,0x00000000cb8ee3b0,0x00000000cc4c0000)
}

