# JRE version: 7.0_09-b05
# Java VM: Java HotSpot(TM) 64-Bit Server VM (23.5-b02 mixed mode windows-amd64 compressed oops)
Heap
 PSYoungGen      total 123584K, used 72840K [0x00000000f00b0000, 0x00000000fad20000, 0x0000000100000000)
  eden space 80640K, 54% used [0x00000000f00b0000,0x00000000f2bf8030,0x00000000f4f70000)
  from space 42944K, 66% used [0x00000000f4f70000,0x00000000f6b4a398,0x00000000f7960000)
  to   space 42688K, 0% used [0x00000000f8370000,0x00000000f8370000,0x00000000fad20000)
 ParOldGen       total 91456K, used 44379K [0x00000000d0200000, 0x00000000d5b50000, 0x00000000f00b0000)
  object space 91456K, 48% used [0x00000000d0200000,0x00000000d2d56f28,0x00000000d5b50000)
 PSPermGen       total 21248K, used 9556K [0x00000000cb000000, 0x00000000cc4c0000, 0x00000000d0200000)
  object space 21248K, 44% used [0x00000000cb000000,0x00000000cb955220,0x00000000cc4c0000)
GC Heap History (10 events):
Event: 12.813 GC heap before
{Heap before GC invocations=15 (full 2):
 PSYoungGen      total 98752K, used 84968K [0x00000000f00b0000, 0x00000000f8c00000, 0x0000000100000000)
  eden space 56448K, 100% used [0x00000000f00b0000,0x00000000f37d0000,0x00000000f37d0000)
  from space 42304K, 67% used [0x00000000f61a0000,0x00000000f7d7a3b8,0x00000000f8af0000)
  to   space 42816K, 0% used [0x00000000f37d0000,0x00000000f37d0000,0x00000000f61a0000)
 ParOldGen       total 91456K, used 44371K [0x00000000d0200000, 0x00000000d5b50000, 0x00000000f00b0000)
  object space 91456K, 48% used [0x00000000d0200000,0x00000000d2d54f28,0x00000000d5b50000)
 PSPermGen       total 21248K, used 9156K [0x00000000cb000000, 0x00000000cc4c0000, 0x00000000d0200000)
  object space 21248K, 43% used [0x00000000cb000000,0x00000000cb8f1230,0x00000000cc4c0000)
Event: 12.877 GC heap after
Heap after GC invocations=15 (full 2):
 PSYoungGen      total 99264K, used 28552K [0x00000000f00b0000, 0x00000000f96d0000, 0x0000000100000000)
  eden space 56448K, 0% used [0x00000000f00b0000,0x00000000f00b0000,0x00000000f37d0000)
  from space 42816K, 66% used [0x00000000f37d0000,0x00000000f53b23b8,0x00000000f61a0000)
  to   space 43136K, 0% used [0x00000000f6cb0000,0x00000000f6cb0000,0x00000000f96d0000)
 ParOldGen       total 91456K, used 44371K [0x00000000d0200000, 0x00000000d5b50000, 0x00000000f00b0000)
  object space 91456K, 48% used [0x00000000d0200000,0x00000000d2d54f28,0x00000000d5b50000)
 PSPermGen       total 21248K, used 9156K [0x00000000cb000000, 0x00000000cc4c0000, 0x00000000d0200000)
  object space 21248K, 43% used [0x00000000cb000000,0x00000000cb8f1230,0x00000000cc4c0000)
}
Event: 13.127 GC heap before
{Heap before GC invocations=16 (full 2):
 PSYoungGen      total 99264K, used 85000K [0x00000000f00b0000, 0x00000000f96d0000, 0x0000000100000000)
  eden space 56448K, 100% used [0x00000000f00b0000,0x00000000f37d0000,0x00000000f37d0000)
  from space 42816K, 66% used [0x00000000f37d0000,0x00000000f53b23b8,0x00000000f61a0000)
  to   space 43136K, 0% used [0x00000000f6cb0000,0x00000000f6cb0000,0x00000000f96d0000)
 ParOldGen       total 91456K, used 44371K [0x00000000d0200000, 0x00000000d5b50000, 0x00000000f00b0000)
  object space 91456K, 48% used [0x00000000d0200000,0x00000000d2d54f28,0x00000000d5b50000)
 PSPermGen       total 21248K, used 9157K [0x00000000cb000000, 0x00000000cc4c0000, 0x00000000d0200000)
  object space 21248K, 43% used [0x00000000cb000000,0x00000000cb8f15c8,0x00000000cc4c0000)
Event: 13.208 GC heap after
Heap after GC invocations=16 (full 2):
 PSYoungGen      total 110464K, used 28543K [0x00000000f00b0000, 0x00000000f97a0000, 0x0000000100000000)
  eden space 67328K, 0% used [0x00000000f00b0000,0x00000000f00b0000,0x00000000f4270000)
  from space 43136K, 66% used [0x00000000f6cb0000,0x00000000f888fd10,0x00000000f96d0000)
  to   space 43264K, 0% used [0x00000000f4270000,0x00000000f4270000,0x00000000f6cb0000)
 ParOldGen       total 91456K, used 44379K [0x00000000d0200000, 0x00000000d5b50000, 0x00000000f00b0000)
  object space 91456K, 48% used [0x00000000d0200000,0x00000000d2d56f28,0x00000000d5b50000)
 PSPermGen       total 21248K, used 9157K [0x00000000cb000000, 0x00000000cc4c0000, 0x00000000d0200000)
  object space 21248K, 43% used [0x00000000cb000000,0x00000000cb8f15c8,0x00000000cc4c0000)
}
Event: 13.478 GC heap before
{Heap before GC invocations=17 (full 2):
 PSYoungGen      total 110464K, used 95871K [0x00000000f00b0000, 0x00000000f97a0000, 0x0000000100000000)
  eden space 67328K, 100% used [0x00000000f00b0000,0x00000000f4270000,0x00000000f4270000)
  from space 43136K, 66% used [0x00000000f6cb0000,0x00000000f888fd10,0x00000000f96d0000)
  to   space 43264K, 0% used [0x00000000f4270000,0x00000000f4270000,0x00000000f6cb0000)
 ParOldGen       total 91456K, used 44379K [0x00000000d0200000, 0x00000000d5b50000, 0x00000000f00b0000)
  object space 91456K, 48% used [0x00000000d0200000,0x00000000d2d56f28,0x00000000d5b50000)
 PSPermGen       total 21248K, used 9157K [0x00000000cb000000, 0x00000000cc4c0000, 0x00000000d0200000)
  object space 21248K, 43% used [0x00000000cb000000,0x00000000cb8f17c8,0x00000000cc4c0000)
Event: 13.533 GC heap after
Heap after GC invocations=17 (full 2):
 PSYoungGen      total 110592K, used 28504K [0x00000000f00b0000, 0x00000000fa3d0000, 0x0000000100000000)
  eden space 67328K, 0% used [0x00000000f00b0000,0x00000000f00b0000,0x00000000f4270000)
  from space 43264K, 65% used [0x00000000f4270000,0x00000000f5e46388,0x00000000f6cb0000)
  to   space 43136K, 0% used [0x00000000f79b0000,0x00000000f79b0000,0x00000000fa3d0000)
 ParOldGen       total 91456K, used 44379K [0x00000000d0200000, 0x00000000d5b50000, 0x00000000f00b0000)
  object space 91456K, 48% used [0x00000000d0200000,0x00000000d2d56f28,0x00000000d5b50000)
 PSPermGen       total 21248K, used 9157K [0x00000000cb000000, 0x00000000cc4c0000, 0x00000000d0200000)
  object space 21248K, 43% used [0x00000000cb000000,0x00000000cb8f17c8,0x00000000cc4c0000)
}
Event: 13.778 GC heap before
{Heap before GC invocations=18 (full 2):
 PSYoungGen      total 110592K, used 95832K [0x00000000f00b0000, 0x00000000fa3d0000, 0x0000000100000000)
  eden space 67328K, 100% used [0x00000000f00b0000,0x00000000f4270000,0x00000000f4270000)
  from space 43264K, 65% used [0x00000000f4270000,0x00000000f5e46388,0x00000000f6cb0000)
  to   space 43136K, 0% used [0x00000000f79b0000,0x00000000f79b0000,0x00000000fa3d0000)
 ParOldGen       total 91456K, used 44379K [0x00000000d0200000, 0x00000000d5b50000, 0x00000000f00b0000)
  object space 91456K, 48% used [0x00000000d0200000,0x00000000d2d56f28,0x00000000d5b50000)
 PSPermGen       total 21248K, used 9159K [0x00000000cb000000, 0x00000000cc4c0000, 0x00000000d0200000)
  object space 21248K, 43% used [0x00000000cb000000,0x00000000cb8f1dd0,0x00000000cc4c0000)
Event: 13.832 GC heap after
Heap after GC invocations=18 (full 2):
 PSYoungGen      total 123264K, used 28562K [0x00000000f00b0000, 0x00000000fa350000, 0x0000000100000000)
  eden space 80640K, 0% used [0x00000000f00b0000,0x00000000f00b0000,0x00000000f4f70000)
  from space 42624K, 67% used [0x00000000f79b0000,0x00000000f9594a20,0x00000000fa350000)
  to   space 42944K, 0% used [0x00000000f4f70000,0x00000000f4f70000,0x00000000f7960000)
 ParOldGen       total 91456K, used 44379K [0x00000000d0200000, 0x00000000d5b50000, 0x00000000f00b0000)
  object space 91456K, 48% used [0x00000000d0200000,0x00000000d2d56f28,0x00000000d5b50000)
 PSPermGen       total 21248K, used 9159K [0x00000000cb000000, 0x00000000cc4c0000, 0x00000000d0200000)
  object space 21248K, 43% used [0x00000000cb000000,0x00000000cb8f1dd0,0x00000000cc4c0000)
}
Event: 14.111 GC heap before
{Heap before GC invocations=19 (full 2):
 PSYoungGen      total 123264K, used 109202K [0x00000000f00b0000, 0x00000000fa350000, 0x0000000100000000)
  eden space 80640K, 100% used [0x00000000f00b0000,0x00000000f4f70000,0x00000000f4f70000)
  from space 42624K, 67% used [0x00000000f79b0000,0x00000000f9594a20,0x00000000fa350000)
  to   space 42944K, 0% used [0x00000000f4f70000,0x00000000f4f70000,0x00000000f7960000)
 ParOldGen       total 91456K, used 44379K [0x00000000d0200000, 0x00000000d5b50000, 0x00000000f00b0000)
  object space 91456K, 48% used [0x00000000d0200000,0x00000000d2d56f28,0x00000000d5b50000)
 PSPermGen       total 21248K, used 9159K [0x00000000cb000000, 0x00000000cc4c0000, 0x00000000d0200000)
  object space 21248K, 43% used [0x00000000cb000000,0x00000000cb8f1fa0,0x00000000cc4c0000)
Event: 14.175 GC heap after
Heap after GC invocations=19 (full 2):
 PSYoungGen      total 123584K, used 28520K [0x00000000f00b0000, 0x00000000fad20000, 0x0000000100000000)
  eden space 80640K, 0% used [0x00000000f00b0000,0x00000000f00b0000,0x00000000f4f70000)
  from space 42944K, 66% used [0x00000000f4f70000,0x00000000f6b4a398,0x00000000f7960000)
  to   space 42688K, 0% used [0x00000000f8370000,0x00000000f8370000,0x00000000fad20000)
 ParOldGen       total 91456K, used 44379K [0x00000000d0200000, 0x00000000d5b50000, 0x00000000f00b0000)
  object space 91456K, 48% used [0x00000000d0200000,0x00000000d2d56f28,0x00000000d5b50000)
 PSPermGen       total 21248K, used 9159K [0x00000000cb000000, 0x00000000cc4c0000, 0x00000000d0200000)
  object space 21248K, 43% used [0x00000000cb000000,0x00000000cb8f1fa0,0x00000000cc4c0000)
}

